<?xml version="1.0" encoding="UTF-8"?>
<!-- Generated by org.testng.reporters.JUnitReportReporter -->
<testsuite hostname="SatheeshChaganti" failures="0" tests="1" name="chainingStudent.CreateUser" time="1.861" errors="0" timestamp="2024-08-10T21:51:12 IST" skipped="0">
  <testcase classname="chainingStudent.CreateUser" name="test_createUser" time="1.861"/>
  <system-out/>
</testsuite> <!-- chainingStudent.CreateUser -->
