<?xml version="1.0" encoding="UTF-8"?>
<!-- Generated by org.testng.reporters.JUnitReportReporter -->
<testsuite hostname="SatheeshChaganti" failures="0" tests="3" name="practice.GetUserData" time="3.134" errors="0" timestamp="2024-03-20T22:07:53 IST" skipped="0">
  <testcase classname="practice.GetUserData" name="createUser" time="2.110"/>
  <testcase classname="practice.GetUserData" name="updateUser" time="0.520"/>
  <testcase classname="practice.GetUserData" name="deleteUser" time="0.504"/>
</testsuite> <!-- practice.GetUserData -->
