<?xml version="1.0" encoding="UTF-8"?>
<!-- Generated by org.testng.reporters.JUnitReportReporter -->
<testsuite hostname="SatheeshChaganti" failures="0" tests="1" name="chainingStudent.DeleteUser" time="0.088" errors="0" timestamp="2024-08-10T21:51:12 IST" skipped="0">
  <testcase classname="chainingStudent.DeleteUser" name="test_deleteUser" time="0.088"/>
  <system-out/>
</testsuite> <!-- chainingStudent.DeleteUser -->
