<?xml version="1.0" encoding="UTF-8"?>
<!-- Generated by org.testng.reporters.JUnitReportReporter -->
<testsuite hostname="SatheeshChaganti" failures="0" tests="2" name="diffWaysToCreatingRequestBody.DataCreationWithJsonLibrary" time="1.803" errors="0" timestamp="2024-01-08T20:02:09 IST" skipped="0">
  <testcase classname="diffWaysToCreatingRequestBody.DataCreationWithJsonLibrary" name="JsonLibrary" time="1.747"/>
  <testcase classname="diffWaysToCreatingRequestBody.DataCreationWithJsonLibrary" name="Delete" time="0.056"/>
</testsuite> <!-- diffWaysToCreatingRequestBody.DataCreationWithJsonLibrary -->
