<?xml version="1.0" encoding="UTF-8"?>
<!-- Generated by org.testng.reporters.JUnitReportReporter -->
<testsuite hostname="SatheeshChaganti" failures="0" tests="1" name="dataValidation.DataValidation" time="1.143" errors="0" timestamp="2024-03-31T12:01:41 IST" skipped="0">
  <testcase classname="dataValidation.DataValidation" name="data" time="1.143"/>
</testsuite> <!-- dataValidation.DataValidation -->
