<?xml version="1.0" encoding="UTF-8"?>
<!-- Generated by org.testng.reporters.JUnitReportReporter -->
<testsuite hostname="SatheeshChaganti" failures="0" tests="1" name="validatingCookiesAndHeaders.ValidatingCookies" time="2.037" errors="0" timestamp="2024-03-20T11:17:59 IST" skipped="0">
  <testcase classname="validatingCookiesAndHeaders.ValidatingCookies" name="cookiesValidation" time="2.037"/>
</testsuite> <!-- validatingCookiesAndHeaders.ValidatingCookies -->
