<?xml version="1.0" encoding="UTF-8"?>
<!-- Generated by org.testng.reporters.JUnitReportReporter -->
<testsuite hostname="SatheeshChaganti" failures="0" tests="1" name="validatingCookiesAndHeaders.ValidatingHeaders" time="1.901" errors="0" timestamp="2024-01-27T11:09:28 IST" skipped="0">
  <testcase classname="validatingCookiesAndHeaders.ValidatingHeaders" name="TestHeaders" time="1.901"/>
</testsuite> <!-- validatingCookiesAndHeaders.ValidatingHeaders -->
