<?xml version="1.0" encoding="UTF-8"?>
<!-- Generated by org.testng.reporters.JUnitReportReporter -->
<testsuite hostname="SatheeshChaganti" failures="0" tests="2" name="diffWaysToCreatingRequestBody.DataCreationWithExternalJsonFile" time="1.569" errors="0" timestamp="2024-08-10T22:18:57 IST" skipped="0">
  <testcase classname="diffWaysToCreatingRequestBody.DataCreationWithExternalJsonFile" name="ExternalFile" time="1.523"/>
  <system-out/>
  <testcase classname="diffWaysToCreatingRequestBody.DataCreationWithExternalJsonFile" name="Delete" time="0.046"/>
  <system-out/>
</testsuite> <!-- diffWaysToCreatingRequestBody.DataCreationWithExternalJsonFile -->
