<?xml version="1.0" encoding="UTF-8"?>
<!-- Generated by org.testng.reporters.JUnitReportReporter -->
<testsuite hostname="SatheeshChaganti" failures="0" tests="4" name="usersData.Practice" time="4.958" errors="0" timestamp="2024-01-27T11:05:58 IST" skipped="0">
  <testcase classname="usersData.Practice" name="gettinguserdata" time="1.496"/>
  <testcase classname="usersData.Practice" name="creatinguserdata" time="1.609"/>
  <testcase classname="usersData.Practice" name="updatingdata" time="1.022"/>
  <testcase classname="usersData.Practice" name="deletingdata" time="0.831"/>
</testsuite> <!-- usersData.Practice -->
