<?xml version="1.0" encoding="UTF-8"?>
<!-- Generated by org.testng.reporters.JUnitReportReporter -->
<testsuite hostname="SatheeshChaganti" failures="0" tests="2" name="diffWaysToCreatingRequestBody.DataCreationWithPOJOClass" time="2.078" errors="0" timestamp="2024-01-27T11:20:18 IST" skipped="0">
  <testcase classname="diffWaysToCreatingRequestBody.DataCreationWithPOJOClass" name="POJOData" time="2.019"/>
  <testcase classname="diffWaysToCreatingRequestBody.DataCreationWithPOJOClass" name="Delete" time="0.059"/>
</testsuite> <!-- diffWaysToCreatingRequestBody.DataCreationWithPOJOClass -->
