<?xml version="1.0" encoding="UTF-8"?>
<!-- Generated by org.testng.reporters.JUnitReportReporter -->
<testsuite hostname="SatheeshChaganti" failures="0" tests="1" name="diffWaysToCreatingRequestBody.DataCreationWithHashMap" time="1.025" errors="0" timestamp="2024-08-08T19:31:31 IST" skipped="0">
  <testcase classname="diffWaysToCreatingRequestBody.DataCreationWithHashMap" name="Delete" time="1.025"/>
  <system-out/>
</testsuite> <!-- diffWaysToCreatingRequestBody.DataCreationWithHashMap -->
