<?xml version="1.0" encoding="UTF-8"?>
<!-- Generated by org.testng.reporters.JUnitReportReporter -->
<testsuite hostname="SatheeshChaganti" failures="0" tests="2" name="diffWaysToCreatingRequestBody.DataCreation" time="1.988" errors="0" timestamp="2024-01-08T19:56:12 IST" skipped="0">
  <testcase classname="diffWaysToCreatingRequestBody.DataCreation" name="HashMap" time="1.940"/>
  <testcase classname="diffWaysToCreatingRequestBody.DataCreation" name="Delete" time="0.048"/>
</testsuite> <!-- diffWaysToCreatingRequestBody.DataCreation -->
