<?xml version="1.0" encoding="UTF-8"?>
<!-- Generated by org.testng.reporters.JUnitReportReporter -->
<testsuite hostname="SatheeshChaganti" failures="0" tests="1" name="dataValidation.ExtractingData" time="1.204" errors="0" timestamp="2024-03-31T12:09:56 IST" skipped="0">
  <testcase classname="dataValidation.ExtractingData" name="ParsingData" time="1.204"/>
</testsuite> <!-- dataValidation.ExtractingData -->
