<?xml version="1.0" encoding="UTF-8"?>
<!-- Generated by org.testng.reporters.JUnitReportReporter -->
<testsuite hostname="SatheeshChaganti" failures="0" tests="1" name="fakerData.GeneratingFakeData" time="0.150" errors="0" timestamp="2024-08-10T22:19:59 IST" skipped="0">
  <testcase classname="fakerData.GeneratingFakeData" name="data" time="0.150"/>
  <system-out/>
</testsuite> <!-- fakerData.GeneratingFakeData -->
