<?xml version="1.0" encoding="UTF-8"?>
<!-- Generated by org.testng.reporters.JUnitReportReporter -->
<testsuite hostname="SatheeshChaganti" failures="0" tests="4" name="usersData.SampleTrail" time="3.950" errors="0" timestamp="2024-11-18T10:44:03 IST" skipped="0">
  <testcase classname="usersData.SampleTrail" name="getuser" time="1.784"/>
  <system-out/>
  <testcase classname="usersData.SampleTrail" name="createuser" time="1.361"/>
  <system-out/>
  <testcase classname="usersData.SampleTrail" name="updateuser" time="0.405"/>
  <system-out/>
  <testcase classname="usersData.SampleTrail" name="deleteUser" time="0.400"/>
  <system-out/>
</testsuite> <!-- usersData.SampleTrail -->
