<?xml version="1.0" encoding="UTF-8"?>
<!-- Generated by org.testng.reporters.JUnitReportReporter -->
<testsuite hostname="SatheeshChaganti" failures="0" tests="1" name="chainingStudent.UpdateUser" time="0.081" errors="0" timestamp="2024-08-10T21:51:12 IST" skipped="0">
  <testcase classname="chainingStudent.UpdateUser" name="test_updateUser" time="0.081"/>
  <system-out/>
</testsuite> <!-- chainingStudent.UpdateUser -->
